#
# There is insufficient memory for the Java Runtime Environment to continue.
# Native memory allocation (mmap) failed to map 123731968 bytes for G1 virtual space
# Possible reasons:
#   The system is out of physical RAM or swap space
#   The process is running with CompressedOops enabled, and the Java Heap may be blocking the growth of the native heap
# Possible solutions:
#   Reduce memory load on the system
#   Increase physical memory or swap space
#   Check if swap backing store is full
#   Decrease Java heap size (-Xmx/-Xms)
#   Decrease number of Java threads
#   Decrease Java thread stack sizes (-Xss)
#   Set larger code cache with -XX:ReservedCodeCacheSize=
#   JVM is running with Unscaled Compressed Oops mode in which the Java heap is
#     placed in the first 4GB address space. The Java Heap base address is the
#     maximum limit for the native heap growth. Please use -XX:HeapBaseMinAddress
#     to set the Java Heap base and to place the Java Heap above 4GB virtual address.
# This output file may be truncated or incomplete.
#
#  Out of Memory Error (os_windows.cpp:3541), pid=10828, tid=25276
#
# JRE version:  (17.0.5+9) (build )
# Java VM: Java HotSpot(TM) 64-Bit Server VM (17.0.5+9-LTS-191, mixed mode, sharing, tiered, compressed oops, compressed class ptrs, g1 gc, windows-amd64)
# No core dump will be written. Minidumps are not enabled by default on client versions of Windows
#

---------------  S U M M A R Y ------------

Command Line: -Dfile.encoding=UTF-8 -Duser.country=US -Duser.language=en -Duser.variant com.example.producer.ProducerApplication

Host: AMD Ryzen 5 4500U with Radeon Graphics         , 6 cores, 7G,  Windows 11 , 64 bit Build 26100 (10.0.26100.2992)
Time: Tue Feb 25 12:07:44 2025 Sri Lanka Standard Time elapsed time: 0.566952 seconds (0d 0h 0m 0s)

---------------  T H R E A D  ---------------

Current thread (0x000001778432a150):  JavaThread "Unknown thread" [_thread_in_vm, id=25276, stack(0x000000355a100000,0x000000355a200000)]

Stack: [0x000000355a100000,0x000000355a200000]
Native frames: (J=compiled Java code, j=interpreted, Vv=VM code, C=native code)
V  [jvm.dll+0x672eea]
V  [jvm.dll+0x7d2a04]
V  [jvm.dll+0x7d41ae]
V  [jvm.dll+0x7d4813]
V  [jvm.dll+0x242c15]
V  [jvm.dll+0x66fe09]
V  [jvm.dll+0x664682]
V  [jvm.dll+0x300e8b]
V  [jvm.dll+0x308426]
V  [jvm.dll+0x357ffe]
V  [jvm.dll+0x35822f]
V  [jvm.dll+0x2d80a8]
V  [jvm.dll+0x2d9014]
V  [jvm.dll+0x7a44e1]
V  [jvm.dll+0x365df1]
V  [jvm.dll+0x7838fc]
V  [jvm.dll+0x3e873f]
V  [jvm.dll+0x3ea1e1]
C  [jli.dll+0x527b]
C  [ucrtbase.dll+0x37b0]
C  [KERNEL32.DLL+0x2e8d7]
C  [ntdll.dll+0xbbf2c]


---------------  P R O C E S S  ---------------

Threads class SMR info:
_java_thread_list=0x00007ffda902a8d8, length=0, elements={
}

Java Threads: ( => current thread )

Other Threads:
  0x0000017784381290 GCTaskThread "GC Thread#0" [stack: 0x000000355a200000,0x000000355a300000] [id=21244]
  0x0000017784391f00 ConcurrentGCThread "G1 Main Marker" [stack: 0x000000355a300000,0x000000355a400000] [id=4460]
  0x0000017784394ad0 ConcurrentGCThread "G1 Conc#0" [stack: 0x000000355a400000,0x000000355a500000] [id=17016]

[error occurred during error reporting (printing all threads), id 0xc0000005, EXCEPTION_ACCESS_VIOLATION (0xc0000005) at pc=0x00007ffda8878a97]

VM state: not at safepoint (not fully initialized)

VM Mutex/Monitor currently owned by a thread:  ([mutex/lock_event])
[0x0000017784325a90] Heap_lock - owner thread: 0x000001778432a150

Heap address: 0x000000008a200000, size: 1886 MB, Compressed Oops mode: 32-bit

CDS archive(s) mapped at: [0x0000000000000000-0x0000000000000000-0x0000000000000000), size 0, SharedBaseAddress: 0x0000000800000000, ArchiveRelocationMode: 0.
Narrow klass base: 0x0000000000000000, Narrow klass shift: 0, Narrow klass range: 0x0

GC Precious Log:
<Empty>

Heap:
 garbage-first heap   total 0K, used 0K [0x000000008a200000, 0x0000000100000000)
  region size 1024K, 0 young (0K), 0 survivors (0K)

[error occurred during error reporting (printing heap information), id 0xc0000005, EXCEPTION_ACCESS_VIOLATION (0xc0000005) at pc=0x00007ffda8c5c399]

GC Heap History (0 events):
No events

Deoptimization events (0 events):
No events

Classes unloaded (0 events):
No events

Classes redefined (0 events):
No events

Internal exceptions (0 events):
No events

VM Operations (0 events):
No events

Events (1 events):
Event: 0.010 Loaded shared library C:\Program Files\Java\jdk-17.0.5\bin\java.dll


Dynamic libraries:
0x00007ff7d9290000 - 0x00007ff7d92a0000 	C:\Program Files\Java\jdk-17.0.5\bin\java.exe
0x00007ffdfd200000 - 0x00007ffdfd463000 	C:\WINDOWS\SYSTEM32\ntdll.dll
0x00007ffdfc180000 - 0x00007ffdfc247000 	C:\WINDOWS\System32\KERNEL32.DLL
0x00007ffdfa930000 - 0x00007ffdfacf6000 	C:\WINDOWS\System32\KERNELBASE.dll
0x00007ffdfa7b0000 - 0x00007ffdfa8fc000 	C:\WINDOWS\System32\ucrtbase.dll
0x00007ffdf4700000 - 0x00007ffdf4718000 	C:\Program Files\Java\jdk-17.0.5\bin\jli.dll
0x00007ffdfb9b0000 - 0x00007ffdfba63000 	C:\WINDOWS\System32\ADVAPI32.dll
0x00007ffdfb080000 - 0x00007ffdfb129000 	C:\WINDOWS\System32\msvcrt.dll
0x00007ffdfc300000 - 0x00007ffdfc3a6000 	C:\WINDOWS\System32\sechost.dll
0x00007ffdfc3b0000 - 0x00007ffdfc4c6000 	C:\WINDOWS\System32\RPCRT4.dll
0x00007ffdfc680000 - 0x00007ffdfc849000 	C:\WINDOWS\System32\USER32.dll
0x00007ffdfa900000 - 0x00007ffdfa927000 	C:\WINDOWS\System32\win32u.dll
0x00007ffdfc150000 - 0x00007ffdfc17a000 	C:\WINDOWS\System32\GDI32.dll
0x00007ffdfad00000 - 0x00007ffdfae2b000 	C:\WINDOWS\System32\gdi32full.dll
0x00007ffdf0060000 - 0x00007ffdf007a000 	C:\Program Files\Java\jdk-17.0.5\bin\VCRUNTIME140.dll
0x00007ffdfa5a0000 - 0x00007ffdfa643000 	C:\WINDOWS\System32\msvcp_win.dll
0x00007ffddf800000 - 0x00007ffddfa90000 	C:\WINDOWS\WinSxS\amd64_microsoft.windows.common-controls_6595b64144ccf1df_6.0.26100.2702_none_3e069454e335fc5e\COMCTL32.dll
0x00007ffdf3600000 - 0x00007ffdf360b000 	C:\WINDOWS\SYSTEM32\VERSION.dll
0x00007ffdfb040000 - 0x00007ffdfb06f000 	C:\WINDOWS\System32\IMM32.DLL
0x00007ffdf53b0000 - 0x00007ffdf53bc000 	C:\Program Files\Java\jdk-17.0.5\bin\vcruntime140_1.dll
0x00007ffdca8c0000 - 0x00007ffdca94d000 	C:\Program Files\Java\jdk-17.0.5\bin\msvcp140.dll
0x00007ffda8590000 - 0x00007ffda9152000 	C:\Program Files\Java\jdk-17.0.5\bin\server\jvm.dll
0x00007ffdfb210000 - 0x00007ffdfb218000 	C:\WINDOWS\System32\PSAPI.DLL
0x00007ffdf46c0000 - 0x00007ffdf46ca000 	C:\WINDOWS\SYSTEM32\WSOCK32.dll
0x00007ffdfbf00000 - 0x00007ffdfbf74000 	C:\WINDOWS\System32\WS2_32.dll
0x00007ffdf35c0000 - 0x00007ffdf35f6000 	C:\WINDOWS\SYSTEM32\WINMM.dll
0x00007ffdf93d0000 - 0x00007ffdf93ea000 	C:\WINDOWS\SYSTEM32\kernel.appcore.dll
0x00007ffdf1430000 - 0x00007ffdf143a000 	C:\Program Files\Java\jdk-17.0.5\bin\jimage.dll
0x00007ffded280000 - 0x00007ffded4c1000 	C:\WINDOWS\SYSTEM32\DBGHELP.DLL
0x00007ffdfca00000 - 0x00007ffdfcd7e000 	C:\WINDOWS\System32\combase.dll
0x00007ffdfc010000 - 0x00007ffdfc0e6000 	C:\WINDOWS\System32\OLEAUT32.dll
0x00007ffde0080000 - 0x00007ffde00b9000 	C:\WINDOWS\SYSTEM32\dbgcore.DLL
0x00007ffdfa710000 - 0x00007ffdfa7a9000 	C:\WINDOWS\System32\bcryptPrimitives.dll
0x00007ffde1e70000 - 0x00007ffde1e95000 	C:\Program Files\Java\jdk-17.0.5\bin\java.dll

dbghelp: loaded successfully - version: 4.0.5 - missing functions: none
symbol engine: initialized successfully - sym options: 0x614 - pdb path: .;C:\Program Files\Java\jdk-17.0.5\bin;C:\WINDOWS\SYSTEM32;C:\WINDOWS\WinSxS\amd64_microsoft.windows.common-controls_6595b64144ccf1df_6.0.26100.2702_none_3e069454e335fc5e;C:\Program Files\Java\jdk-17.0.5\bin\server

VM Arguments:
jvm_args: -Dfile.encoding=UTF-8 -Duser.country=US -Duser.language=en -Duser.variant 
java_command: com.example.producer.ProducerApplication
java_class_path (initial): D:\Sysco\Kafka_producer_sample\producer\build\classes\java\main;D:\Sysco\Kafka_producer_sample\producer\build\resources\main;C:\Users\HP\.gradle\caches\modules-2\files-2.1\org.springframework.boot\spring-boot-starter-web\3.4.3\87e7a401e7d249fefc7f372f5681e8620234624c\spring-boot-starter-web-3.4.3.jar;C:\Users\HP\.gradle\caches\modules-2\files-2.1\org.springframework.kafka\spring-kafka\3.3.3\b0b10f1e336fa96d684138e5bc6a3a740fe26790\spring-kafka-3.3.3.jar;C:\Users\HP\.gradle\caches\modules-2\files-2.1\org.springframework.boot\spring-boot-starter-json\3.4.3\7a4d63165404da67ed3802678994c21a0763723\spring-boot-starter-json-3.4.3.jar;C:\Users\HP\.gradle\caches\modules-2\files-2.1\org.springframework.boot\spring-boot-starter\3.4.3\247fdc05cd6de013c3fd26628fa221dd095b391\spring-boot-starter-3.4.3.jar;C:\Users\HP\.gradle\caches\modules-2\files-2.1\org.springframework.boot\spring-boot-starter-tomcat\3.4.3\40246b02bf8bf905dd5fb3d57f48bfc2c9b49bb9\spring-boot-starter-tomcat-3.4.3.jar;C:\Users\HP\.gradle\caches\modules-2\files-2.1\org.springframework\spring-webmvc\6.2.3\485f6e351bba471fc8f841f39eaf6488896369ff\spring-webmvc-6.2.3.jar;C:\Users\HP\.gradle\caches\modules-2\files-2.1\org.springframework\spring-web\6.2.3\662ac5ee41af27d183f97032b2fec2b652d379f5\spring-web-6.2.3.jar;C:\Users\HP\.gradle\caches\modules-2\files-2.1\org.springframework.boot\spring-boot-autoconfigure\3.4.3\6172c599082196b340910d67c5c790c32f10e417\spring-boot-autoconfigure-3.4.3.jar;C:\Users\HP\.gradle\caches\modules-2\files-2.1\org.springframework.boot\spring-boot\3.4.3\a7138bcecd59ed27660b3894a7812d65db4951e6\spring-boot-3.4.3.jar;C:\Users\HP\.gradle\caches\modules-2\files-2.1\org.springframework\spring-context\6.2.3\35acadc000b8aaff77e3412dd9acb51aa70c8515\spring-context-6.2.3.jar;C:\Users\HP\.gradle\caches\modules-2\files-2.1\org.springframework\spring-messaging\6.2.3\4351508e86d19ca4682762bbfd72182e39ac16c5\spring-messaging-6.2.3.jar;C:\Users\HP\.gradle\caches\modules-2\fil
Launcher Type: SUN_STANDARD

[Global flags]
     intx CICompilerCount                          = 3                                         {product} {ergonomic}
     uint ConcGCThreads                            = 2                                         {product} {ergonomic}
     uint G1ConcRefinementThreads                  = 6                                         {product} {ergonomic}
   size_t G1HeapRegionSize                         = 1048576                                   {product} {ergonomic}
    uintx GCDrainStackTargetSize                   = 64                                        {product} {ergonomic}
   size_t InitialHeapSize                          = 123731968                                 {product} {ergonomic}
   size_t MarkStackSize                            = 4194304                                   {product} {ergonomic}
   size_t MaxHeapSize                              = 1977614336                                {product} {ergonomic}
   size_t MinHeapDeltaBytes                        = 1048576                                   {product} {ergonomic}
   size_t MinHeapSize                              = 8388608                                   {product} {ergonomic}
    uintx NonNMethodCodeHeapSize                   = 5832780                                {pd product} {ergonomic}
    uintx NonProfiledCodeHeapSize                  = 122912730                              {pd product} {ergonomic}
    uintx ProfiledCodeHeapSize                     = 122912730                              {pd product} {ergonomic}
    uintx ReservedCodeCacheSize                    = 251658240                              {pd product} {ergonomic}
     bool SegmentedCodeCache                       = true                                      {product} {ergonomic}
   size_t SoftMaxHeapSize                          = 1977614336                             {manageable} {ergonomic}
     bool UseCompressedClassPointers               = true                           {product lp64_product} {ergonomic}
     bool UseCompressedOops                        = true                           {product lp64_product} {ergonomic}
     bool UseG1GC                                  = true                                      {product} {ergonomic}
     bool UseLargePagesIndividualAllocation        = false                                  {pd product} {ergonomic}

Logging:
Log output configuration:
 #0: stdout all=warning uptime,level,tags
 #1: stderr all=off uptime,level,tags

Environment Variables:
JAVA_HOME=C:\Program Files\Java\jdk-17.0.5
PATH=C:\Program Files (x86)\VMware\VMware Workstation\bin\;C:\Program Files\Common Files\Oracle\Java\javapath;D:\Scripts\;D:\;C:\WINDOWS\system32;C:\WINDOWS;C:\WINDOWS\System32\Wbem;C:\WINDOWS\System32\WindowsPowerShell\v1.0\;C:\WINDOWS\System32\OpenSSH\;C:\Program Files\Java\jdk-17.0.1;C:\Program Files\Java\jdk-17.0.1\bin;C:\FFMPEG_PATH\ffmpeg-2022-07-04-git-dba7376d59-full_build;C;C:\Program Files\PuTTY\;C:\Program Files\Java\jdk-17.0.5\bin;C:\Program Files\Git\cmd;C:\flutter\bin;C:\msys64\mingw64\bin;C:\Users\HP\Anaconda3\Library\bin\graphviz;C:\ProgramData\chocolatey\bin;C:\Program Files\MySQL\MySQL Server 8.0\bin;C:\Program Files\nodejs\;C:\Program Files\MongoDB\Server\7.0\bin;C:\Program Files\Docker\Docker\resources\bin;C:\Users\HP\AppData\Local\Programs\Python\Python312\;C:\Users\HP\AppData\Local\Programs\Python\Python312\Scripts\;C:\Program Files\RedHat\Podman\;C:\apache-maven-3.9.9\bin;C:\apache-maven-3.9.9\bin;C:\Program Files (x86)\VMware\VMware Workstation\bin\;C:\Program Files\Common Files\Oracle\Java\javapath;D:\Scripts\;D:\;C:\WINDOWS\system32;C:\WINDOWS;C:\WINDOWS\System32\Wbem;C:\WINDOWS\System32\WindowsPowerShell\v1.0\;C:\WINDOWS\System32\OpenSSH\;C:\Program Files\Java\jdk-17.0.1;C:\Program Files\Java\jdk-17.0.1\bin;C:\FFMPEG_PATH\ffmpeg-2022-07-04-git-dba7376d59-full_build;C;C:\Program Files\PuTTY\;C:\Program Files\Java\jdk-17.0.5\bin;C:\Program Files\Git\cmd;C:\flutter\bin;C:\msys64\mingw64\bin;C:\Users\HP\Anaconda3\Library\bin\graphviz;C:\ProgramData\chocolatey\bin;C:\Program Files\MySQL\MySQL Server 8.0\bin;C:\Program Files\nodejs\;C:\Program Files\MongoDB\Server\7.0\bin;C:\Program Files\Docker\Docker\resources\bin;C:\Users\HP\AppData\Local\Programs\Python\Python312\;C:\Users\HP\AppData\Local\Programs\Python\Python312\Scripts\;C:\Program Files\RedHat\Podman\;C:\apache-maven-3.9.9\bin;C:\Program Files\Common Files" /M
USERNAME=HP
OS=Windows_NT
PROCESSOR_IDENTIFIER=AMD64 Family 23 Model 96 Stepping 1, AuthenticAMD



---------------  S Y S T E M  ---------------

OS:
 Windows 11 , 64 bit Build 26100 (10.0.26100.2992)
OS uptime: 0 days 21:32 hours
Hyper-V role detected

CPU: total 6 (initial active 6) (6 cores per cpu, 1 threads per core) family 23 model 96 stepping 1 microcode 0x8600106, cx8, cmov, fxsr, mmx, 3dnowpref, sse, sse2, sse3, ssse3, sse4a, sse4.1, sse4.2, popcnt, lzcnt, tsc, tscinvbit, avx, avx2, aes, clmul, bmi1, bmi2, adx, sha, fma, vzeroupper, clflush, clflushopt, hv

Memory: 4k page, system-wide physical 7538M (592M free)
TotalPageFile size 23885M (AvailPageFile size 102M)
current process WorkingSet (physical memory assigned to process): 11M, peak: 11M
current process commit charge ("private bytes"): 56M, peak: 174M

vm_info: Java HotSpot(TM) 64-Bit Server VM (17.0.5+9-LTS-191) for windows-amd64 JRE (17.0.5+9-LTS-191), built on Sep 13 2022 17:31:43 by "mach5one" with MS VC++ 16.8 / 16.9 (VS2019)

END.
